#
# An unexpected error has been detected by Java Runtime Environment:
#
#  Internal Error (434C41535326494C453041525345520E4350500AB6), pid=4160, tid=3928
#
# Java VM: Java HotSpot(TM) Client VM (1.6.0_01-b06 mixed mode)
# If you would like to submit a bug report, please visit:
#   http://java.sun.com/webapps/bugreport/crash.jsp
#

---------------  T H R E A D  ---------------

Current thread (0x00846800):  JavaThread "Unknown thread" [_thread_in_vm, id=3928]

Stack: [0x008e0000,0x00930000)
[error occurred during error reporting, step 110, id 0xc00000fd]

Native frames: (J=compiled Java code, j=interpreted, Vv=VM code, C=native code)
C  [javaw.exe+0xc07c]
C  [javaw.exe+0x7d35]
C  [kernel32.dll+0xb729]


---------------  P R O C E S S  ---------------

Java Threads: ( => current thread )

Other Threads:

VM state:not at safepoint (not fully initilizated)

VM Mutex/Monitor currently owned by a thread: None

Heap
 def new generation   total 960K, used 0K [0x029e0000, 0x02ae0000, 0x02ec0000)
  eden space 896K,   0% used [0x029e0000, 0x029e0000, 0x02ac0000)
  from space 64K,   0% used [0x02ac0000, 0x02ac0000, 0x02ad0000)
  to   space 64K,   0% used [0x02ad0000, 0x02ad0000, 0x02ae0000)
 tenured generation   total 4096K, used 0K [0x02ec0000, 0x032c0000, 0x069e0000)
   the space 4096K,   0% used [0x02ec0000, 0x02ec0000, 0x02ec0200, 0x032c0000)
 compacting perm gen  total 12288K, used 103K [0x069e0000, 0x075e0000, 0x0a9e0000)
   the space 12288K,   0% used [0x069e0000, 0x069f9e40, 0x069fa000, 0x075e0000)
No shared spaces configured.

Dynamic libraries:
0x00400000 - 0x00423000 	C:\Program Files\Java\jre1.6.0_01\bin\javaw.exe
0x7c920000 - 0x7c9b6000 	C:\WINDOWS\system32\ntdll.dll
0x7c800000 - 0x7c91e000 	C:\WINDOWS\system32\kernel32.dll
0x77da0000 - 0x77e49000 	C:\WINDOWS\system32\ADVAPI32.dll
0x77e50000 - 0x77ee3000 	C:\WINDOWS\system32\RPCRT4.dll
0x77fc0000 - 0x77fd1000 	C:\WINDOWS\system32\Secur32.dll
0x77d10000 - 0x77da0000 	C:\WINDOWS\system32\USER32.dll
0x77ef0000 - 0x77f39000 	C:\WINDOWS\system32\GDI32.dll
0x76300000 - 0x7631d000 	C:\WINDOWS\system32\IMM32.DLL
0x62c20000 - 0x62c29000 	C:\WINDOWS\system32\LPK.DLL
0x73fa0000 - 0x7400b000 	C:\WINDOWS\system32\USP10.dll
0x7c340000 - 0x7c396000 	C:\Program Files\Java\jre1.6.0_01\bin\msvcr71.dll
0x6d7c0000 - 0x6da07000 	C:\Program Files\Java\jre1.6.0_01\bin\client\jvm.dll
0x76b10000 - 0x76b3a000 	C:\WINDOWS\system32\WINMM.dll
0x6d310000 - 0x6d318000 	C:\Program Files\Java\jre1.6.0_01\bin\hpi.dll
0x76bc0000 - 0x76bcb000 	C:\WINDOWS\system32\PSAPI.DLL
0x6d770000 - 0x6d77c000 	C:\Program Files\Java\jre1.6.0_01\bin\verify.dll
0x6d3b0000 - 0x6d3cf000 	C:\Program Files\Java\jre1.6.0_01\bin\java.dll
0x6d7b0000 - 0x6d7bf000 	C:\Program Files\Java\jre1.6.0_01\bin\zip.dll

VM Arguments:
jvm_args: -Dfile.encoding=UTF-8 -Xbootclasspath:D:\adt-bundle\sdk\platforms\android-19\android.jar
java_command: com.kingteller.client.utils.SortUtil
Launcher Type: SUN_STANDARD

Environment Variables:
JAVA_HOME=C:\Program Files\Java\jdk1.6.0_01
PATH=C:/Program Files/Java/jre1.6.0_01/bin/client;C:/Program Files/Java/jre1.6.0_01/bin;C:/Program Files/Java/jre1.6.0_01/lib/i386;C:\Program Files\Intel\iCLS Client\;C:\WINDOWS\system32;C:\WINDOWS;C:\WINDOWS\System32\Wbem;C:\Program Files\Intel\Intel(R) Management Engine Components\DAL;C:\Program Files\Intel\Intel(R) Management Engine Components\IPT;C:\Program Files\Java\jdk1.6.0_01\bin;D:\Oracle\ora90\BIN\;C:\Program Files\TortoiseSVN\bin;D:\jprofile\jprofiler_windows_5_1_4\jprofiler5\bin\windows;D:\Program Files\QuickTime\QTSystem\;D:\Program Files\Git\bin;D:\Program Files\Git\libexec\git-core;D:\Program Files\Git\cmd;D:\GNUstep\bin;D:\GNUstep\GNUstep\System\Tools;D:\adt-bundle\eclipse;
USERNAME=Administrator
OS=Windows_NT
PROCESSOR_IDENTIFIER=x86 Family 6 Model 58 Stepping 9, GenuineIntel



---------------  S Y S T E M  ---------------

OS: Windows XP Build 2600 Service Pack 3

CPU:total 4 family 6, cmov, cx8, fxsr, mmx, sse, sse2

Memory: 4k page, physical 2097151k(2097151k free), swap 4194303k(3853188k free)

vm_info: Java HotSpot(TM) Client VM (1.6.0_01-b06) for windows-x86, built on Mar 14 2007 00:24:02 by "java_re" with unknown MS VC++:1310

